#
# There is insufficient memory for the Java Runtime Environment to continue.
# Native memory allocation (malloc) failed to allocate 32744 bytes for ChunkPool::allocate
# Possible reasons:
#   The system is out of physical RAM or swap space
#   In 32 bit mode, the process size limit was hit
# Possible solutions:
#   Reduce memory load on the system
#   Increase physical memory or swap space
#   Check if swap backing store is full
#   Use 64 bit Java on a 64 bit OS
#   Decrease Java heap size (-Xmx/-Xms)
#   Decrease number of Java threads
#   Decrease Java thread stack sizes (-Xss)
#   Set larger code cache with -XX:ReservedCodeCacheSize=
# This output file may be truncated or incomplete.
#
#  Out of Memory Error (allocation.cpp:273), pid=6472, tid=7468
#
# JRE version: Java(TM) SE Runtime Environment (8.0_91-b14) (build 1.8.0_91-b14)
# Java VM: Java HotSpot(TM) 64-Bit Server VM (25.91-b14 mixed mode windows-amd64 compressed oops)
# Failed to write core dump. Minidumps are not enabled by default on client versions of Windows
#

---------------  T H R E A D  ---------------

Current thread (0x0000000014975800):  JavaThread "C2 CompilerThread1" daemon [_thread_in_native, id=7468, stack(0x0000000016070000,0x0000000016170000)]

Stack: [0x0000000016070000,0x0000000016170000]
[error occurred during error reporting (printing stack bounds), id 0xc0000005]

Native frames: (J=compiled Java code, j=interpreted, Vv=VM code, C=native code)


Current CompileTask:
C2:  51887 2934       4       com.android.dx.dex.code.DalvCode::finishProcessingIfNecessary (69 bytes)


---------------  P R O C E S S  ---------------

Java Threads: ( => current thread )
  0x0000000016274800 JavaThread "Service Thread" daemon [_thread_blocked, id=4196, stack(0x0000000016670000,0x0000000016770000)]
  0x000000001497d800 JavaThread "C1 CompilerThread2" daemon [_thread_blocked, id=4708, stack(0x0000000016170000,0x0000000016270000)]
=>0x0000000014975800 JavaThread "C2 CompilerThread1" daemon [_thread_in_native, id=7468, stack(0x0000000016070000,0x0000000016170000)]
  0x0000000014928000 JavaThread "C2 CompilerThread0" daemon [_thread_in_native, id=5072, stack(0x0000000015f70000,0x0000000016070000)]
  0x0000000014926000 JavaThread "Attach Listener" daemon [_thread_blocked, id=7656, stack(0x0000000015e70000,0x0000000015f70000)]
  0x0000000014924800 JavaThread "Signal Dispatcher" daemon [_thread_blocked, id=5376, stack(0x0000000015d70000,0x0000000015e70000)]
  0x000000001490a000 JavaThread "Finalizer" daemon [_thread_blocked, id=288, stack(0x0000000015b70000,0x0000000015c70000)]
  0x000000000223f000 JavaThread "Reference Handler" daemon [_thread_blocked, id=8004, stack(0x0000000015a70000,0x0000000015b70000)]
  0x0000000002150800 JavaThread "main" [_thread_in_vm, id=184, stack(0x0000000001fd0000,0x00000000020d0000)]

Other Threads:
  0x00000000148e7800 VMThread [stack: 0x0000000015970000,0x0000000015a70000] [id=1328]
  0x0000000016290800 WatcherThread [stack: 0x0000000016770000,0x0000000016870000] [id=6388]

VM state:not at safepoint (normal execution)

VM Mutex/Monitor currently owned by a thread: None

Heap:
 PSYoungGen      total 145920K, used 51367K [0x00000000eab00000, 0x00000000fab80000, 0x0000000100000000)
  eden space 124416K, 28% used [0x00000000eab00000,0x00000000ecd37a30,0x00000000f2480000)
  from space 21504K, 75% used [0x00000000f2480000,0x00000000f3472448,0x00000000f3980000)
  to   space 31744K, 0% used [0x00000000f8c80000,0x00000000f8c80000,0x00000000fab80000)
 ParOldGen       total 82432K, used 43740K [0x00000000c0000000, 0x00000000c5080000, 0x00000000eab00000)
  object space 82432K, 53% used [0x00000000c0000000,0x00000000c2ab73a8,0x00000000c5080000)
 Metaspace       used 6919K, capacity 7608K, committed 7936K, reserved 1056768K
  class space    used 644K, capacity 688K, committed 768K, reserved 1048576K

Card table byte_map: [0x0000000011610000,0x0000000011820000] byte_map_base: 0x0000000011010000

Marking Bits: (ParMarkBitMap*) 0x0000000064842f70
 Begin Bits: [0x0000000011d80000, 0x0000000012d80000)
 End Bits:   [0x0000000012d80000, 0x0000000013d80000)

Polling page: 0x0000000000820000

CodeCache: size=245760Kb used=11796Kb max_used=11905Kb free=233963Kb
 bounds [0x0000000002250000, 0x0000000002e00000, 0x0000000011250000]
 total_blobs=2791 nmethods=2520 adapters=183
 compilation: enabled

Compilation events (10 events):
Event: 51.447 Thread 0x000000001497d800 2980       3       com.android.dx.dex.file.DebugInfoEncoder::emitLocalStart (108 bytes)
Event: 51.450 Thread 0x000000001497d800 nmethod 2980 0x00000000025d7190 code [0x00000000025d7420, 0x00000000025d8518]
Event: 51.470 Thread 0x000000001497d800 2981       3       com.android.dx.dex.file.DebugInfoEncoder::emitLocalEnd (83 bytes)
Event: 51.472 Thread 0x000000001497d800 nmethod 2981 0x00000000025d58d0 code [0x00000000025d5b20, 0x00000000025d6a38]
Event: 51.480 Thread 0x000000001497d800 2982       3       com.android.dx.dex.file.DebugInfoEncoder::emitAdvanceLine (82 bytes)
Event: 51.483 Thread 0x000000001497d800 nmethod 2982 0x00000000025d43d0 code [0x00000000025d4600, 0x00000000025d52a8]
Event: 51.488 Thread 0x000000001497d800 2983       3       com.android.dx.dex.file.DebugInfoEncoder::emitAdvancePc (82 bytes)
Event: 51.491 Thread 0x000000001497d800 nmethod 2983 0x00000000025d2ed0 code [0x00000000025d3100, 0x00000000025d3da8]
Event: 51.497 Thread 0x000000001497d800 2984       3       com.android.dx.dex.file.DebugInfoEncoder::emitLocalRestart (80 bytes)
Event: 51.500 Thread 0x000000001497d800 nmethod 2984 0x00000000025d1850 code [0x00000000025d1a80, 0x00000000025d2828]

GC Heap History (10 events):
Event: 14.243 GC heap before
{Heap before GC invocations=6 (full 0):
 PSYoungGen      total 35328K, used 35315K [0x00000000eab00000, 0x00000000efe00000, 0x0000000100000000)
  eden space 32768K, 100% used [0x00000000eab00000,0x00000000ecb00000,0x00000000ecb00000)
  from space 2560K, 99% used [0x00000000ecb00000,0x00000000ecd7cf68,0x00000000ecd80000)
  to   space 9728K, 0% used [0x00000000ef480000,0x00000000ef480000,0x00000000efe00000)
 ParOldGen       total 44032K, used 14321K [0x00000000c0000000, 0x00000000c2b00000, 0x00000000eab00000)
  object space 44032K, 32% used [0x00000000c0000000,0x00000000c0dfc470,0x00000000c2b00000)
 Metaspace       used 6351K, capacity 7154K, committed 7296K, reserved 1056768K
  class space    used 602K, capacity 618K, committed 640K, reserved 1048576K
Event: 14.435 GC heap after
Heap after GC invocations=6 (full 0):
 PSYoungGen      total 74240K, used 8536K [0x00000000eab00000, 0x00000000f0000000, 0x0000000100000000)
  eden space 64512K, 0% used [0x00000000eab00000,0x00000000eab00000,0x00000000eea00000)
  from space 9728K, 87% used [0x00000000ef480000,0x00000000efcd6248,0x00000000efe00000)
  to   space 10752K, 0% used [0x00000000eea00000,0x00000000eea00000,0x00000000ef480000)
 ParOldGen       total 44032K, used 14329K [0x00000000c0000000, 0x00000000c2b00000, 0x00000000eab00000)
  object space 44032K, 32% used [0x00000000c0000000,0x00000000c0dfe470,0x00000000c2b00000)
 Metaspace       used 6351K, capacity 7154K, committed 7296K, reserved 1056768K
  class space    used 602K, capacity 618K, committed 640K, reserved 1048576K
}
Event: 20.522 GC heap before
{Heap before GC invocations=7 (full 0):
 PSYoungGen      total 74240K, used 73048K [0x00000000eab00000, 0x00000000f0000000, 0x0000000100000000)
  eden space 64512K, 100% used [0x00000000eab00000,0x00000000eea00000,0x00000000eea00000)
  from space 9728K, 87% used [0x00000000ef480000,0x00000000efcd6248,0x00000000efe00000)
  to   space 10752K, 0% used [0x00000000eea00000,0x00000000eea00000,0x00000000ef480000)
 ParOldGen       total 44032K, used 14329K [0x00000000c0000000, 0x00000000c2b00000, 0x00000000eab00000)
  object space 44032K, 32% used [0x00000000c0000000,0x00000000c0dfe470,0x00000000c2b00000)
 Metaspace       used 6418K, capacity 7154K, committed 7296K, reserved 1056768K
  class space    used 603K, capacity 618K, committed 640K, reserved 1048576K
Event: 20.813 GC heap after
Heap after GC invocations=7 (full 0):
 PSYoungGen      total 75264K, used 10735K [0x00000000eab00000, 0x00000000f4a00000, 0x0000000100000000)
  eden space 64512K, 0% used [0x00000000eab00000,0x00000000eab00000,0x00000000eea00000)
  from space 10752K, 99% used [0x00000000eea00000,0x00000000ef47bde8,0x00000000ef480000)
  to   space 16896K, 0% used [0x00000000f3980000,0x00000000f3980000,0x00000000f4a00000)
 ParOldGen       total 44032K, used 22081K [0x00000000c0000000, 0x00000000c2b00000, 0x00000000eab00000)
  object space 44032K, 50% used [0x00000000c0000000,0x00000000c1590718,0x00000000c2b00000)
 Metaspace       used 6418K, capacity 7154K, committed 7296K, reserved 1056768K
  class space    used 603K, capacity 618K, committed 640K, reserved 1048576K
}
Event: 23.285 GC heap before
{Heap before GC invocations=8 (full 0):
 PSYoungGen      total 75264K, used 75247K [0x00000000eab00000, 0x00000000f4a00000, 0x0000000100000000)
  eden space 64512K, 100% used [0x00000000eab00000,0x00000000eea00000,0x00000000eea00000)
  from space 10752K, 99% used [0x00000000eea00000,0x00000000ef47bde8,0x00000000ef480000)
  to   space 16896K, 0% used [0x00000000f3980000,0x00000000f3980000,0x00000000f4a00000)
 ParOldGen       total 44032K, used 22081K [0x00000000c0000000, 0x00000000c2b00000, 0x00000000eab00000)
  object space 44032K, 50% used [0x00000000c0000000,0x00000000c1590718,0x00000000c2b00000)
 Metaspace       used 6521K, capacity 7192K, committed 7424K, reserved 1056768K
  class space    used 623K, capacity 656K, committed 768K, reserved 1048576K
Event: 23.811 GC heap after
Heap after GC invocations=8 (full 0):
 PSYoungGen      total 141312K, used 16880K [0x00000000eab00000, 0x00000000f5300000, 0x0000000100000000)
  eden space 124416K, 0% used [0x00000000eab00000,0x00000000eab00000,0x00000000f2480000)
  from space 16896K, 99% used [0x00000000f3980000,0x00000000f49fc030,0x00000000f4a00000)
  to   space 21504K, 0% used [0x00000000f2480000,0x00000000f2480000,0x00000000f3980000)
 ParOldGen       total 44032K, used 26090K [0x00000000c0000000, 0x00000000c2b00000, 0x00000000eab00000)
  object space 44032K, 59% used [0x00000000c0000000,0x00000000c197a960,0x00000000c2b00000)
 Metaspace       used 6521K, capacity 7192K, committed 7424K, reserved 1056768K
  class space    used 623K, capacity 656K, committed 768K, reserved 1048576K
}
Event: 31.026 GC heap before
{Heap before GC invocations=9 (full 0):
 PSYoungGen      total 141312K, used 141296K [0x00000000eab00000, 0x00000000f5300000, 0x0000000100000000)
  eden space 124416K, 100% used [0x00000000eab00000,0x00000000f2480000,0x00000000f2480000)
  from space 16896K, 99% used [0x00000000f3980000,0x00000000f49fc030,0x00000000f4a00000)
  to   space 21504K, 0% used [0x00000000f2480000,0x00000000f2480000,0x00000000f3980000)
 ParOldGen       total 44032K, used 26090K [0x00000000c0000000, 0x00000000c2b00000, 0x00000000eab00000)
  object space 44032K, 59% used [0x00000000c0000000,0x00000000c197a960,0x00000000c2b00000)
 Metaspace       used 6538K, capacity 7256K, committed 7424K, reserved 1056768K
  class space    used 624K, capacity 656K, committed 768K, reserved 1048576K
Event: 31.357 GC heap after
Heap after GC invocations=9 (full 0):
 PSYoungGen      total 145920K, used 21489K [0x00000000eab00000, 0x00000000fab80000, 0x0000000100000000)
  eden space 124416K, 0% used [0x00000000eab00000,0x00000000eab00000,0x00000000f2480000)
  from space 21504K, 99% used [0x00000000f2480000,0x00000000f397c498,0x00000000f3980000)
  to   space 31744K, 0% used [0x00000000f8c80000,0x00000000f8c80000,0x00000000fab80000)
 ParOldGen       total 44032K, used 42203K [0x00000000c0000000, 0x00000000c2b00000, 0x00000000eab00000)
  object space 44032K, 95% used [0x00000000c0000000,0x00000000c2936cc8,0x00000000c2b00000)
 Metaspace       used 6538K, capacity 7256K, committed 7424K, reserved 1056768K
  class space    used 624K, capacity 656K, committed 768K, reserved 1048576K
}
Event: 31.357 GC heap before
{Heap before GC invocations=10 (full 1):
 PSYoungGen      total 145920K, used 21489K [0x00000000eab00000, 0x00000000fab80000, 0x0000000100000000)
  eden space 124416K, 0% used [0x00000000eab00000,0x00000000eab00000,0x00000000f2480000)
  from space 21504K, 99% used [0x00000000f2480000,0x00000000f397c498,0x00000000f3980000)
  to   space 31744K, 0% used [0x00000000f8c80000,0x00000000f8c80000,0x00000000fab80000)
 ParOldGen       total 44032K, used 42203K [0x00000000c0000000, 0x00000000c2b00000, 0x00000000eab00000)
  object space 44032K, 95% used [0x00000000c0000000,0x00000000c2936cc8,0x00000000c2b00000)
 Metaspace       used 6538K, capacity 7256K, committed 7424K, reserved 1056768K
  class space    used 624K, capacity 656K, committed 768K, reserved 1048576K
Event: 34.063 GC heap after
Heap after GC invocations=10 (full 1):
 PSYoungGen      total 145920K, used 16329K [0x00000000eab00000, 0x00000000fab80000, 0x0000000100000000)
  eden space 124416K, 0% used [0x00000000eab00000,0x00000000eab00000,0x00000000f2480000)
  from space 21504K, 75% used [0x00000000f2480000,0x00000000f3472448,0x00000000f3980000)
  to   space 31744K, 0% used [0x00000000f8c80000,0x00000000f8c80000,0x00000000fab80000)
 ParOldGen       total 82432K, used 43740K [0x00000000c0000000, 0x00000000c5080000, 0x00000000eab00000)
  object space 82432K, 53% used [0x00000000c0000000,0x00000000c2ab73a8,0x00000000c5080000)
 Metaspace       used 6538K, capacity 7256K, committed 7424K, reserved 1056768K
  class space    used 624K, capacity 656K, committed 768K, reserved 1048576K
}

Deoptimization events (10 events):
Event: 45.387 Thread 0x0000000002150800 Uncommon trap: reason=unstable_if action=reinterpret pc=0x00000000024542e4 method=com.android.dx.dex.code.LocalList$MakeState.snapshot(ILcom/android/dx/rop/code/RegisterSpecSet;)V @ 86
Event: 46.530 Thread 0x0000000002150800 Uncommon trap: reason=unstable_if action=reinterpret pc=0x00000000023ef344 method=com.android.dx.dex.code.LocalList$MakeState.filterSpec(Lcom/android/dx/rop/code/RegisterSpec;)Lcom/android/dx/rop/code/RegisterSpec; @ 11
Event: 47.897 Thread 0x0000000002150800 Uncommon trap: reason=unstable_if action=reinterpret pc=0x000000000247eac0 method=com.android.dx.dex.code.OutputFinisher.align64bits([Lcom/android/dx/dex/code/Dop;)V @ 177
Event: 48.536 Thread 0x0000000002150800 Uncommon trap: reason=unstable_if action=reinterpret pc=0x000000000286b574 method=com.android.dx.dex.code.LocalList$MakeState.aboutToProcess(II)V @ 54
Event: 49.578 Thread 0x0000000002150800 Uncommon trap: reason=bimorphic action=maybe_recompile pc=0x00000000024ae4ac method=com.android.dx.dex.file.OffsettedItem.place(Lcom/android/dx/dex/file/Section;I)I @ 73
Event: 49.578 Thread 0x0000000002150800 Uncommon trap: reason=bimorphic action=maybe_recompile pc=0x00000000024ae4ac method=com.android.dx.dex.file.OffsettedItem.place(Lcom/android/dx/dex/file/Section;I)I @ 73
Event: 49.578 Thread 0x0000000002150800 Uncommon trap: reason=bimorphic action=maybe_recompile pc=0x00000000024ae4ac method=com.android.dx.dex.file.OffsettedItem.place(Lcom/android/dx/dex/file/Section;I)I @ 73
Event: 49.578 Thread 0x0000000002150800 Uncommon trap: reason=bimorphic action=maybe_recompile pc=0x00000000024ae4ac method=com.android.dx.dex.file.OffsettedItem.place(Lcom/android/dx/dex/file/Section;I)I @ 73
Event: 49.582 Thread 0x0000000002150800 Uncommon trap: reason=unstable_if action=reinterpret pc=0x0000000002d7b8b4 method=java.util.TimSort.sort([Ljava/lang/Object;IILjava/util/Comparator;[Ljava/lang/Object;II)V @ 53
Event: 49.592 Thread 0x0000000002150800 Uncommon trap: reason=unstable_if action=reinterpret pc=0x0000000002afa5e4 method=java.util.ArrayList.<init>(I)V @ 5

Internal exceptions (10 events):
Event: 3.994 Thread 0x00000000164d8800 Implicit null exception at 0x00000000025d1748 to 0x00000000025d3731
Event: 14.456 Thread 0x00000000164d3800 Implicit null exception at 0x00000000028bc55b to 0x00000000028be0b5
Event: 20.939 Thread 0x00000000164d3800 Exception <a 'java/lang/ArrayIndexOutOfBoundsException': 18> (0x00000000eab3bc00) thrown at [C:\re\workspace\8-2-build-windows-amd64-cygwin\jdk8u91\6644\hotspot\src\share\vm\interpreter\interpreterRuntime.cpp, line 366]
Event: 20.952 Thread 0x00000000164d3800 Exception <a 'java/lang/ArrayIndexOutOfBoundsException': 145> (0x00000000eab3d780) thrown at [C:\re\workspace\8-2-build-windows-amd64-cygwin\jdk8u91\6644\hotspot\src\share\vm\interpreter\interpreterRuntime.cpp, line 366]
Event: 20.954 Thread 0x00000000164d3800 Exception <a 'java/lang/ArrayIndexOutOfBoundsException'> (0x00000000eab3ea68) thrown at [C:\re\workspace\8-2-build-windows-amd64-cygwin\jdk8u91\6644\hotspot\src\share\vm\runtime\sharedRuntime.cpp, line 605]
Event: 30.716 Thread 0x00000000164d7000 Implicit null exception at 0x0000000002bb6f0f to 0x0000000002bba2b5
Event: 30.726 Thread 0x00000000164d7000 Implicit null exception at 0x0000000002b1d697 to 0x0000000002b1d9e1
Event: 30.731 Thread 0x00000000164d7000 Implicit null exception at 0x0000000002b720c5 to 0x0000000002b730a5
Event: 30.731 Thread 0x00000000164d7000 Implicit null exception at 0x0000000002c759be to 0x0000000002c75b7d
Event: 30.731 Thread 0x00000000164d7000 Implicit null exception at 0x00000000028640de to 0x0000000002864291

Events (10 events):
Event: 49.582 Thread 0x0000000002150800 DEOPT UNPACKING pc=0x000000000229582a sp=0x00000000020cee50 mode 2
Event: 49.586 loading class com/android/dx/dex/file/DebugInfoEncoder
Event: 49.586 loading class com/android/dx/dex/file/DebugInfoEncoder done
Event: 49.591 loading class com/android/dx/dex/file/DebugInfoEncoder$1
Event: 49.591 loading class com/android/dx/dex/file/DebugInfoEncoder$1 done
Event: 49.592 Thread 0x0000000002150800 Uncommon trap: trap_request=0xffffff65 fr.pc=0x0000000002afa5e4
Event: 49.592 Thread 0x0000000002150800 DEOPT PACKING pc=0x0000000002afa5e4 sp=0x00000000020cec80
Event: 49.592 Thread 0x0000000002150800 DEOPT UNPACKING pc=0x000000000229582a sp=0x00000000020cec28 mode 2
Event: 49.592 loading class com/android/dx/dex/file/DebugInfoEncoder$2
Event: 49.592 loading class com/android/dx/dex/file/DebugInfoEncoder$2 done


Dynamic libraries:
0x00007ff736fc0000 - 0x00007ff736ff7000 	D:\Program Files\Java\jdk1.8.0_91\bin\java.exe
0x00007ff9825f0000 - 0x00007ff98279d000 	C:\Windows\SYSTEM32\ntdll.dll
0x00007ff9809e0000 - 0x00007ff980b1e000 	C:\Windows\system32\KERNEL32.DLL
0x00007ff97f7e0000 - 0x00007ff97f8f5000 	C:\Windows\system32\KERNELBASE.dll
0x00007ff97e2e0000 - 0x00007ff97e36e000 	C:\Windows\system32\apphelp.dll
0x00007ff974880000 - 0x00007ff9748d3000 	C:\Windows\AppPatch\AppPatch64\AcGenral.DLL
0x00007ff982540000 - 0x00007ff9825ea000 	C:\Windows\system32\msvcrt.dll
0x00007ff97fc40000 - 0x00007ff97fc6e000 	C:\Windows\system32\SspiCli.dll
0x00007ff9802e0000 - 0x00007ff980334000 	C:\Windows\system32\SHLWAPI.dll
0x00007ff9823c0000 - 0x00007ff982537000 	C:\Windows\system32\USER32.dll
0x00007ff9804f0000 - 0x00007ff980684000 	C:\Windows\system32\ole32.dll
0x00007ff980be0000 - 0x00007ff982108000 	C:\Windows\system32\SHELL32.dll
0x00007ff97ed40000 - 0x00007ff97ed61000 	C:\Windows\SYSTEM32\USERENV.dll
0x00007ff980230000 - 0x00007ff9802da000 	C:\Windows\system32\ADVAPI32.dll
0x00007ff974c30000 - 0x00007ff974c4e000 	C:\Windows\SYSTEM32\MPR.dll
0x00007ff9807f0000 - 0x00007ff980930000 	C:\Windows\system32\RPCRT4.dll
0x00007ff97fc90000 - 0x00007ff97fce9000 	C:\Windows\SYSTEM32\sechost.dll
0x00007ff980010000 - 0x00007ff980221000 	C:\Windows\SYSTEM32\combase.dll
0x00007ff9803a0000 - 0x00007ff9804ef000 	C:\Windows\system32\GDI32.dll
0x00007ff97f710000 - 0x00007ff97f725000 	C:\Windows\SYSTEM32\profapi.dll
0x00007ff97db00000 - 0x00007ff97dbb2000 	C:\Windows\SYSTEM32\SHCORE.dll
0x00007ff9809a0000 - 0x00007ff9809d6000 	C:\Windows\system32\IMM32.DLL
0x00007ff980690000 - 0x00007ff9807e2000 	C:\Windows\system32\MSCTF.dll
0x00007ff97ce80000 - 0x00007ff97d0fb000 	C:\Windows\WinSxS\amd64_microsoft.windows.common-controls_6595b64144ccf1df_6.0.9600.18006_none_623f33d3ecbe86e8\COMCTL32.dll
0x00000000638e0000 - 0x00000000639b2000 	D:\Program Files\Java\jdk1.8.0_91\jre\bin\msvcr100.dll
0x0000000064030000 - 0x00000000648c3000 	D:\Program Files\Java\jdk1.8.0_91\jre\bin\server\jvm.dll
0x00007ff9756c0000 - 0x00007ff9756c9000 	C:\Windows\SYSTEM32\WSOCK32.dll
0x00007ff978000000 - 0x00007ff978022000 	C:\Windows\SYSTEM32\WINMM.dll
0x00007ff977dc0000 - 0x00007ff977dca000 	C:\Windows\SYSTEM32\VERSION.dll
0x00007ff97ffa0000 - 0x00007ff97ffa7000 	C:\Windows\system32\PSAPI.DLL
0x00007ff980340000 - 0x00007ff98039a000 	C:\Windows\system32\WS2_32.dll
0x00007ff976a50000 - 0x00007ff976a7a000 	C:\Windows\SYSTEM32\WINMMBASE.dll
0x00007ff97ff90000 - 0x00007ff97ff99000 	C:\Windows\system32\NSI.dll
0x00007ff97fb90000 - 0x00007ff97fbdf000 	C:\Windows\SYSTEM32\cfgmgr32.dll
0x00007ff97e550000 - 0x00007ff97e578000 	C:\Windows\SYSTEM32\DEVOBJ.dll
0x0000000064020000 - 0x000000006402f000 	D:\Program Files\Java\jdk1.8.0_91\jre\bin\verify.dll
0x0000000063ff0000 - 0x0000000064019000 	D:\Program Files\Java\jdk1.8.0_91\jre\bin\java.dll
0x0000000063fd0000 - 0x0000000063fe6000 	D:\Program Files\Java\jdk1.8.0_91\jre\bin\zip.dll

VM Arguments:
jvm_args: -Djava.awt.headless=true -Xmx1024M -Dfile.encoding=windows-1252 -Duser.country=FR -Duser.language=fr -Duser.variant 
java_command: com.android.dx.command.Main --dex --num-threads=4 --output D:\App_Rss_Feed_Agregator\app\build\intermediates\pre-dexed\debug\rxjava-1.2.5_1bbd13ec91ae75a4cc25a5a764adb7e75473c40f.jar C:\Users\Thomas\.gradle\caches\modules-2\files-2.1\io.reactivex\rxjava\1.2.5\b423532b5a3c949cbb799468f83bf566032fe98d\rxjava-1.2.5.jar
java_class_path (initial): C:\Users\Thomas\AppData\Local\Android\sdk\build-tools\23.0.3\lib\dx.jar
Launcher Type: SUN_STANDARD

Environment Variables:
PATH=C:\ProgramData\Oracle\Java\javapath;C:\Windows\system32;C:\Windows;C:\Windows\System32\Wbem;C:\Windows\System32\WindowsPowerShell\v1.0\;C:\Program Files (x86)\Skype\Phone\
USERNAME=Thomas
OS=Windows_NT
PROCESSOR_IDENTIFIER=Intel64 Family 6 Model 69 Stepping 1, GenuineIntel



---------------  S Y S T E M  ---------------

OS: Windows 8.1 , 64 bit Build 9600 (6.3.9600.17415)

CPU:total 4 (2 cores per cpu, 2 threads per core) family 6 model 69 stepping 1, cmov, cx8, fxsr, mmx, sse, sse2, sse3, ssse3, sse4.1, sse4.2, popcnt, avx, avx2, aes, clmul, erms, lzcnt, ht, tsc, tscinvbit, bmi1, bmi2

Memory: 4k page, physical 4100104k(226172k free), swap 7245832k(5144k free)

vm_info: Java HotSpot(TM) 64-Bit Server VM (25.91-b14) for windows-amd64 JRE (1.8.0_91-b14), built on Apr  1 2016 00:58:32 by "java_re" with MS VC++ 10.0 (VS2010)

time: Fri Jan 20 20:07:31 2017
elapsed time: 51 seconds (0d 0h 0m 51s)

