#
# There is insufficient memory for the Java Runtime Environment to continue.
# Native memory allocation (malloc) failed to allocate 32744 bytes for ChunkPool::allocate
# Possible reasons:
#   The system is out of physical RAM or swap space
#   In 32 bit mode, the process size limit was hit
# Possible solutions:
#   Reduce memory load on the system
#   Increase physical memory or swap space
#   Check if swap backing store is full
#   Use 64 bit Java on a 64 bit OS
#   Decrease Java heap size (-Xmx/-Xms)
#   Decrease number of Java threads
#   Decrease Java thread stack sizes (-Xss)
#   Set larger code cache with -XX:ReservedCodeCacheSize=
# This output file may be truncated or incomplete.
#
#  Out of Memory Error (allocation.cpp:273), pid=7216, tid=4564
#
# JRE version: Java(TM) SE Runtime Environment (8.0_91-b14) (build 1.8.0_91-b14)
# Java VM: Java HotSpot(TM) 64-Bit Server VM (25.91-b14 mixed mode windows-amd64 compressed oops)
# Failed to write core dump. Minidumps are not enabled by default on client versions of Windows
#

---------------  T H R E A D  ---------------

Current thread (0x00000000151f6800):  JavaThread "C2 CompilerThread1" daemon [_thread_in_native, id=4564, stack(0x0000000016900000,0x0000000016a00000)]

Stack: [0x0000000016900000,0x0000000016a00000]
[error occurred during error reporting (printing stack bounds), id 0xc0000005]

Native frames: (J=compiled Java code, j=interpreted, Vv=VM code, C=native code)


Current CompileTask:
C2:   4604  709       4       java.util.HashMap::get (23 bytes)


---------------  P R O C E S S  ---------------

Java Threads: ( => current thread )
  0x0000000016d89800 JavaThread "pool-1-thread-4" [_thread_in_Java, id=2764, stack(0x0000000017500000,0x0000000017600000)]
  0x0000000016d88800 JavaThread "pool-1-thread-3" [_thread_in_vm, id=6388, stack(0x0000000017400000,0x0000000017500000)]
  0x0000000016d87000 JavaThread "pool-1-thread-2" [_thread_in_Java, id=2320, stack(0x0000000017300000,0x0000000017400000)]
  0x0000000016d5e000 JavaThread "pool-2-thread-1" [_thread_blocked, id=4652, stack(0x0000000017200000,0x0000000017300000)]
  0x0000000016d62800 JavaThread "pool-1-thread-1" [_thread_in_Java, id=6116, stack(0x0000000017100000,0x0000000017200000)]
  0x0000000016b00800 JavaThread "Service Thread" daemon [_thread_blocked, id=4720, stack(0x0000000016f00000,0x0000000017000000)]
  0x00000000151fb000 JavaThread "C1 CompilerThread2" daemon [_thread_in_native, id=7388, stack(0x0000000016a00000,0x0000000016b00000)]
=>0x00000000151f6800 JavaThread "C2 CompilerThread1" daemon [_thread_in_native, id=4564, stack(0x0000000016900000,0x0000000016a00000)]
  0x00000000151a9000 JavaThread "C2 CompilerThread0" daemon [_thread_blocked, id=6896, stack(0x0000000016800000,0x0000000016900000)]
  0x00000000151a7000 JavaThread "Attach Listener" daemon [_thread_blocked, id=2588, stack(0x0000000016700000,0x0000000016800000)]
  0x00000000151a5800 JavaThread "Signal Dispatcher" daemon [_thread_blocked, id=4608, stack(0x0000000016600000,0x0000000016700000)]
  0x000000001518a000 JavaThread "Finalizer" daemon [_thread_blocked, id=4148, stack(0x0000000016400000,0x0000000016500000)]
  0x0000000002abf000 JavaThread "Reference Handler" daemon [_thread_blocked, id=7520, stack(0x0000000016300000,0x0000000016400000)]
  0x00000000029d0800 JavaThread "main" [_thread_in_vm, id=4816, stack(0x0000000002840000,0x0000000002940000)]

Other Threads:
  0x0000000015167800 VMThread [stack: 0x0000000016200000,0x0000000016300000] [id=6152]
  0x0000000016b03800 WatcherThread [stack: 0x0000000017000000,0x0000000017100000] [id=5220]

VM state:not at safepoint (normal execution)

VM Mutex/Monitor currently owned by a thread:  ([mutex/lock_event])
[0x000000000108c7b0] SymbolTable_lock - owner thread: 0x0000000016d88800

Heap:
 PSYoungGen      total 18944K, used 14410K [0x00000000eab00000, 0x00000000ec000000, 0x0000000100000000)
  eden space 16384K, 87% used [0x00000000eab00000,0x00000000eb912b68,0x00000000ebb00000)
  from space 2560K, 0% used [0x00000000ebd80000,0x00000000ebd80000,0x00000000ec000000)
  to   space 2560K, 0% used [0x00000000ebb00000,0x00000000ebb00000,0x00000000ebd80000)
 ParOldGen       total 44032K, used 0K [0x00000000c0000000, 0x00000000c2b00000, 0x00000000eab00000)
  object space 44032K, 0% used [0x00000000c0000000,0x00000000c0000000,0x00000000c2b00000)
 Metaspace       used 5662K, capacity 6640K, committed 6784K, reserved 1056768K
  class space    used 594K, capacity 616K, committed 640K, reserved 1048576K

Card table byte_map: [0x0000000011e90000,0x00000000120a0000] byte_map_base: 0x0000000011890000

Marking Bits: (ParMarkBitMap*) 0x0000000064842f70
 Begin Bits: [0x0000000012600000, 0x0000000013600000)
 End Bits:   [0x0000000013600000, 0x0000000014600000)

Polling page: 0x0000000001070000

CodeCache: size=245760Kb used=2902Kb max_used=2914Kb free=242857Kb
 bounds [0x0000000002ad0000, 0x0000000002db0000, 0x0000000011ad0000]
 total_blobs=969 nmethods=700 adapters=182
 compilation: enabled

Compilation events (10 events):
Event: 4.564 Thread 0x00000000151fb000  692       3       com.android.dx.cf.code.ConcreteMethod::makeSourcePosistion (21 bytes)
Event: 4.564 Thread 0x00000000151fb000 nmethod 692 0x0000000002d9ec90 code [0x0000000002d9ee00, 0x0000000002d9f0b8]
Event: 4.564 Thread 0x00000000151fb000  696       3       com.android.dx.cf.code.ConcreteMethod::getCatches (8 bytes)
Event: 4.565 Thread 0x00000000151fb000 nmethod 696 0x0000000002d9e890 code [0x0000000002d9e9e0, 0x0000000002d9ebd0]
Event: 4.565 Thread 0x00000000151fb000  700   !   3       com.android.dx.cf.code.RopperMachine::run (1550 bytes)
Event: 4.569 Thread 0x00000000151f6800  707       4       com.android.dx.util.IntList::add (65 bytes)
Event: 4.581 Thread 0x00000000151f6800 nmethod 707 0x0000000002d9e1d0 code [0x0000000002d9e320, 0x0000000002d9e698]
Event: 4.581 Thread 0x00000000151a9000  708       4       com.android.dx.util.IntList::growIfNeeded (46 bytes)
Event: 4.589 Thread 0x00000000151a9000 nmethod 708 0x0000000002daa290 code [0x0000000002daa3e0, 0x0000000002daa658]
Event: 4.591 Thread 0x00000000151f6800  709       4       java.util.HashMap::get (23 bytes)

GC Heap History (0 events):
No events

Deoptimization events (1 events):
Event: 4.167 Thread 0x0000000016d87000 Uncommon trap: reason=unstable_if action=reinterpret pc=0x0000000002d01848 method=java.util.HashMap.getNode(ILjava/lang/Object;)Ljava/util/HashMap$Node; @ 62

Internal exceptions (2 events):
Event: 0.447 Thread 0x00000000029d0800 Exception <a 'java/lang/NoSuchMethodError': Method sun.misc.Unsafe.defineClass(Ljava/lang/String;[BII)Ljava/lang/Class; name or signature does not match> (0x00000000eab07cc0) thrown at [C:\re\workspace\8-2-build-windows-amd64-cygwin\jdk8u91\6644\hotspot\srPo¨4•¢Ü?
Event: 0.447 Thread 0x00000000029d0800 Exception <a 'java/lang/NoSuchMethodError': Method sun.misc.Unsafe.prefetchRead(Ljava/lang/Object;J)V name or signature does not match> (0x00000000eab07fa8) thrown at [C:\re\workspace\8-2-build-windows-amd64-cygwin\jdk8u91\6644\hotspot\src\share\vm\prims\j

Events (10 events):
Event: 3.821 loading class com/android/dx/dex/file/MethodIdItem done
Event: 3.835 loading class com/android/dx/rop/cst/CstArray$List
Event: 3.835 loading class com/android/dx/rop/cst/CstArray$List done
Event: 4.152 loading class com/android/dx/ssa/PhiInsn$Operand
Event: 4.152 loading class com/android/dx/ssa/PhiInsn$Operand done
Event: 4.167 Thread 0x0000000016d87000 Uncommon trap: trap_request=0xffffff65 fr.pc=0x0000000002d01848
Event: 4.167 Thread 0x0000000016d87000 DEOPT PACKING pc=0x0000000002d01848 sp=0x00000000173fecf0
Event: 4.167 Thread 0x0000000016d87000 DEOPT UNPACKING pc=0x0000000002b1582a sp=0x00000000173fec68 mode 2
Event: 4.539 loading class com/android/dx/dex/file/FieldAnnotationStruct
Event: 4.539 loading class com/android/dx/dex/file/FieldAnnotationStruct done


Dynamic libraries:
0x00007ff6d3140000 - 0x00007ff6d3177000 	D:\Program Files\Java\jdk1.8.0_91\bin\java.exe
0x00007ff9825f0000 - 0x00007ff98279d000 	C:\Windows\SYSTEM32\ntdll.dll
0x00007ff9809e0000 - 0x00007ff980b1e000 	C:\Windows\system32\KERNEL32.DLL
0x00007ff97f7e0000 - 0x00007ff97f8f5000 	C:\Windows\system32\KERNELBASE.dll
0x00007ff97e2e0000 - 0x00007ff97e36e000 	C:\Windows\system32\apphelp.dll
0x00007ff97ae40000 - 0x00007ff97ae93000 	C:\Windows\AppPatch\AppPatch64\AcGenral.DLL
0x00007ff982540000 - 0x00007ff9825ea000 	C:\Windows\system32\msvcrt.dll
0x00007ff97fc40000 - 0x00007ff97fc6e000 	C:\Windows\system32\SspiCli.dll
0x00007ff9802e0000 - 0x00007ff980334000 	C:\Windows\system32\SHLWAPI.dll
0x00007ff9823c0000 - 0x00007ff982537000 	C:\Windows\system32\USER32.dll
0x00007ff9804f0000 - 0x00007ff980684000 	C:\Windows\system32\ole32.dll
0x00007ff980be0000 - 0x00007ff982108000 	C:\Windows\system32\SHELL32.dll
0x00007ff97ed40000 - 0x00007ff97ed61000 	C:\Windows\SYSTEM32\USERENV.dll
0x00007ff980230000 - 0x00007ff9802da000 	C:\Windows\system32\ADVAPI32.dll
0x00007ff974c30000 - 0x00007ff974c4e000 	C:\Windows\SYSTEM32\MPR.dll
0x00007ff9807f0000 - 0x00007ff980930000 	C:\Windows\system32\RPCRT4.dll
0x00007ff97fc90000 - 0x00007ff97fce9000 	C:\Windows\SYSTEM32\sechost.dll
0x00007ff980010000 - 0x00007ff980221000 	C:\Windows\SYSTEM32\combase.dll
0x00007ff9803a0000 - 0x00007ff9804ef000 	C:\Windows\system32\GDI32.dll
0x00007ff97f710000 - 0x00007ff97f725000 	C:\Windows\SYSTEM32\profapi.dll
0x00007ff97db00000 - 0x00007ff97dbb2000 	C:\Windows\SYSTEM32\SHCORE.dll
0x00007ff9809a0000 - 0x00007ff9809d6000 	C:\Windows\system32\IMM32.DLL
0x00007ff980690000 - 0x00007ff9807e2000 	C:\Windows\system32\MSCTF.dll
0x00007ff97ce80000 - 0x00007ff97d0fb000 	C:\Windows\WinSxS\amd64_microsoft.windows.common-controls_6595b64144ccf1df_6.0.9600.18006_none_623f33d3ecbe86e8\COMCTL32.dll
0x0000000063b70000 - 0x0000000063c42000 	D:\Program Files\Java\jdk1.8.0_91\jre\bin\msvcr100.dll
0x0000000064030000 - 0x00000000648c3000 	D:\Program Files\Java\jdk1.8.0_91\jre\bin\server\jvm.dll
0x00007ff9767e0000 - 0x00007ff9767e9000 	C:\Windows\SYSTEM32\WSOCK32.dll
0x00007ff97b0f0000 - 0x00007ff97b112000 	C:\Windows\SYSTEM32\WINMM.dll
0x00007ff977dc0000 - 0x00007ff977dca000 	C:\Windows\SYSTEM32\VERSION.dll
0x00007ff97ffa0000 - 0x00007ff97ffa7000 	C:\Windows\system32\PSAPI.DLL
0x00007ff980340000 - 0x00007ff98039a000 	C:\Windows\system32\WS2_32.dll
0x00007ff977fb0000 - 0x00007ff977fda000 	C:\Windows\SYSTEM32\WINMMBASE.dll
0x00007ff97ff90000 - 0x00007ff97ff99000 	C:\Windows\system32\NSI.dll
0x00007ff97fb90000 - 0x00007ff97fbdf000 	C:\Windows\SYSTEM32\cfgmgr32.dll
0x00007ff97e550000 - 0x00007ff97e578000 	C:\Windows\SYSTEM32\DEVOBJ.dll
0x0000000064020000 - 0x000000006402f000 	D:\Program Files\Java\jdk1.8.0_91\jre\bin\verify.dll
0x0000000063ff0000 - 0x0000000064019000 	D:\Program Files\Java\jdk1.8.0_91\jre\bin\java.dll
0x0000000063fd0000 - 0x0000000063fe6000 	D:\Program Files\Java\jdk1.8.0_91\jre\bin\zip.dll

VM Arguments:
jvm_args: -Djava.awt.headless=true -Xmx1024M -Dfile.encoding=windows-1252 -Duser.country=FR -Duser.language=fr -Duser.variant 
java_command: com.android.dx.command.Main --dex --num-threads=4 --output D:\App_Rss_Feed_Agregator\app\build\intermediates\pre-dexed\debug\com.android.support-design-23.1.1_62605527e7219d33d65ebaacdf385c8b1b43ead9.jar D:\App_Rss_Feed_Agregator\app\build\intermediates\exploded-aar\com.android.support\design\23.1.1\jars\classes.jar
java_class_path (initial): C:\Users\Thomas\AppData\Local\Android\sdk\build-tools\23.0.3\lib\dx.jar
Launcher Type: SUN_STANDARD

Environment Variables:
PATH=C:\ProgramData\Oracle\Java\javapath;C:\Windows\system32;C:\Windows;C:\Windows\System32\Wbem;C:\Windows\System32\WindowsPowerShell\v1.0\;C:\Program Files (x86)\Skype\Phone\
USERNAME=Thomas
OS=Windows_NT
PROCESSOR_IDENTIFIER=Intel64 Family 6 Model 69 Stepping 1, GenuineIntel



---------------  S Y S T E M  ---------------

OS: Windows 8.1 , 64 bit Build 9600 (6.3.9600.17415)

CPU:total 4 (2 cores per cpu, 2 threads per core) family 6 model 69 stepping 1, cmov, cx8, fxsr, mmx, sse, sse2, sse3, ssse3, sse4.1, sse4.2, popcnt, avx, avx2, aes, clmul, erms, lzcnt, ht, tsc, tscinvbit, bmi1, bmi2

Memory: 4k page, physical 4100104k(159140k free), swap 7245832k(5108k free)

vm_info: Java HotSpot(TM) 64-Bit Server VM (25.91-b14) for windows-amd64 JRE (1.8.0_91-b14), built on Apr  1 2016 00:58:32 by "java_re" with MS VC++ 10.0 (VS2010)

time: Fri Feb 03 02:06:34 2017
elapsed time: 4 seconds (0d 0h 0m 4s)

