#
# There is insufficient memory for the Java Runtime Environment to continue.
# Native memory allocation (malloc) failed to allocate 65552 bytes for Chunk::new
# Possible reasons:
#   The system is out of physical RAM or swap space
#   In 32 bit mode, the process size limit was hit
# Possible solutions:
#   Reduce memory load on the system
#   Increase physical memory or swap space
#   Check if swap backing store is full
#   Use 64 bit Java on a 64 bit OS
#   Decrease Java heap size (-Xmx/-Xms)
#   Decrease number of Java threads
#   Decrease Java thread stack sizes (-Xss)
#   Set larger code cache with -XX:ReservedCodeCacheSize=
# This output file may be truncated or incomplete.
#
#  Out of Memory Error (allocation.cpp:390), pid=3876, tid=3916
#
# JRE version: Java(TM) SE Runtime Environment (8.0_91-b14) (build 1.8.0_91-b14)
# Java VM: Java HotSpot(TM) 64-Bit Server VM (25.91-b14 mixed mode windows-amd64 compressed oops)
# Failed to write core dump. Minidumps are not enabled by default on client versions of Windows
#

---------------  T H R E A D  ---------------

Current thread (0x00000000145a5000):  JavaThread "C2 CompilerThread1" daemon [_thread_in_native, id=3916, stack(0x0000000015ca0000,0x0000000015da0000)]

Stack: [0x0000000015ca0000,0x0000000015da0000]
[error occurred during error reporting (printing stack bounds), id 0xc0000005]

Native frames: (J=compiled Java code, j=interpreted, Vv=VM code, C=native code)


Current CompileTask:
C2:  20852 2276       4       com.android.dx.rop.cst.CstBaseMethodRef::getPrototype (41 bytes)


---------------  P R O C E S S  ---------------

Java Threads: ( => current thread )
  0x0000000015ea4800 JavaThread "Service Thread" daemon [_thread_blocked, id=6856, stack(0x00000000162a0000,0x00000000163a0000)]
  0x00000000145ad800 JavaThread "C1 CompilerThread2" daemon [_thread_blocked, id=6656, stack(0x0000000015da0000,0x0000000015ea0000)]
=>0x00000000145a5000 JavaThread "C2 CompilerThread1" daemon [_thread_in_native, id=3916, stack(0x0000000015ca0000,0x0000000015da0000)]
  0x0000000014558000 JavaThread "C2 CompilerThread0" daemon [_thread_in_native, id=6852, stack(0x0000000015ba0000,0x0000000015ca0000)]
  0x0000000014556000 JavaThread "Attach Listener" daemon [_thread_blocked, id=3640, stack(0x0000000015aa0000,0x0000000015ba0000)]
  0x0000000014554800 JavaThread "Signal Dispatcher" daemon [_thread_blocked, id=4288, stack(0x00000000159a0000,0x0000000015aa0000)]
  0x000000001453a000 JavaThread "Finalizer" daemon [_thread_blocked, id=3736, stack(0x00000000157a0000,0x00000000158a0000)]
  0x0000000001e6f000 JavaThread "Reference Handler" daemon [_thread_blocked, id=6724, stack(0x00000000156a0000,0x00000000157a0000)]
  0x0000000001d80800 JavaThread "main" [_thread_in_Java, id=3572, stack(0x0000000001c80000,0x0000000001d80000)]

Other Threads:
  0x0000000014517800 VMThread [stack: 0x00000000155a0000,0x00000000156a0000] [id=2388]
  0x0000000015ec1800 WatcherThread [stack: 0x00000000163a0000,0x00000000164a0000] [id=2376]

VM state:not at safepoint (normal execution)

VM Mutex/Monitor currently owned by a thread: None

Heap:
 PSYoungGen      total 68096K, used 31384K [0x00000000eab00000, 0x00000000ef000000, 0x0000000100000000)
  eden space 65536K, 44% used [0x00000000eab00000,0x00000000ec72e288,0x00000000eeb00000)
  from space 2560K, 98% used [0x00000000eed80000,0x00000000eeff8018,0x00000000ef000000)
  to   space 2560K, 0% used [0x00000000eeb00000,0x00000000eeb00000,0x00000000eed80000)
 ParOldGen       total 44032K, used 12737K [0x00000000c0000000, 0x00000000c2b00000, 0x00000000eab00000)
  object space 44032K, 28% used [0x00000000c0000000,0x00000000c0c707d0,0x00000000c2b00000)
 Metaspace       used 6795K, capacity 7608K, committed 7936K, reserved 1058816K
  class space    used 627K, capacity 688K, committed 768K, reserved 1048576K

Card table byte_map: [0x0000000011240000,0x0000000011450000] byte_map_base: 0x0000000010c40000

Marking Bits: (ParMarkBitMap*) 0x0000000064842f70
 Begin Bits: [0x00000000119b0000, 0x00000000129b0000)
 End Bits:   [0x00000000129b0000, 0x00000000139b0000)

Polling page: 0x0000000000550000

CodeCache: size=245760Kb used=9377Kb max_used=9388Kb free=236382Kb
 bounds [0x0000000001e80000, 0x00000000027c0000, 0x0000000010e80000]
 total_blobs=2511 nmethods=2240 adapters=183
 compilation: enabled

Compilation events (10 events):
Event: 20.831 Thread 0x00000000145ad800 nmethod 2280 0x00000000027ac390 code [0x00000000027ac500, 0x00000000027ac838]
Event: 20.833 Thread 0x00000000145ad800 2282       3       com.android.dx.dex.code.form.Form21t::writeTo (34 bytes)
Event: 20.835 Thread 0x00000000145ad800 nmethod 2282 0x00000000027ac950 code [0x00000000027acb60, 0x00000000027ad798]
Event: 20.835 Thread 0x00000000145ad800 2283   !   3       com.android.dx.dex.file.CodeItem::writeCodes (50 bytes)
Event: 20.837 Thread 0x00000000145ad800 nmethod 2283 0x00000000027add90 code [0x00000000027adfa0, 0x00000000027ae9e8]
Event: 20.837 Thread 0x00000000145ad800 2284       3       com.android.dx.dex.code.form.Form10x::writeTo (10 bytes)
Event: 20.837 Thread 0x00000000145ad800 nmethod 2284 0x00000000027aef10 code [0x00000000027af0a0, 0x00000000027af2f8]
Event: 20.837 Thread 0x00000000145ad800 2285       1       com.android.dx.dex.code.CatchTable$Entry::getHandlers (5 bytes)
Event: 20.838 Thread 0x00000000145ad800 nmethod 2285 0x00000000027af450 code [0x00000000027af5a0, 0x00000000027af6b0]
Event: 20.842 Thread 0x0000000014558000 2286       4       com.android.dx.dex.code.FixedSizeInsn::writeTo (13 bytes)

GC Heap History (8 events):
Event: 2.258 GC heap before
{Heap before GC invocations=1 (full 0):
 PSYoungGen      total 18944K, used 16384K [0x00000000eab00000, 0x00000000ec000000, 0x0000000100000000)
  eden space 16384K, 100% used [0x00000000eab00000,0x00000000ebb00000,0x00000000ebb00000)
  from space 2560K, 0% used [0x00000000ebd80000,0x00000000ebd80000,0x00000000ec000000)
  to   space 2560K, 0% used [0x00000000ebb00000,0x00000000ebb00000,0x00000000ebd80000)
 ParOldGen       total 44032K, used 0K [0x00000000c0000000, 0x00000000c2b00000, 0x00000000eab00000)
  object space 44032K, 0% used [0x00000000c0000000,0x00000000c0000000,0x00000000c2b00000)
 Metaspace       used 5505K, capacity 6512K, committed 6784K, reserved 1056768K
  class space    used 593K, capacity 616K, committed 640K, reserved 1048576K
Event: 2.284 GC heap after
Heap after GC invocations=1 (full 0):
 PSYoungGen      total 18944K, used 2552K [0x00000000eab00000, 0x00000000ed000000, 0x0000000100000000)
  eden space 16384K, 0% used [0x00000000eab00000,0x00000000eab00000,0x00000000ebb00000)
  from space 2560K, 99% used [0x00000000ebb00000,0x00000000ebd7e3f0,0x00000000ebd80000)
  to   space 2560K, 0% used [0x00000000ecd80000,0x00000000ecd80000,0x00000000ed000000)
 ParOldGen       total 44032K, used 812K [0x00000000c0000000, 0x00000000c2b00000, 0x00000000eab00000)
  object space 44032K, 1% used [0x00000000c0000000,0x00000000c00cb218,0x00000000c2b00000)
 Metaspace       used 5505K, capacity 6512K, committed 6784K, reserved 1056768K
  class space    used 593K, capacity 616K, committed 640K, reserved 1048576K
}
Event: 3.988 GC heap before
{Heap before GC invocations=2 (full 0):
 PSYoungGen      total 18944K, used 18936K [0x00000000eab00000, 0x00000000ed000000, 0x0000000100000000)
  eden space 16384K, 100% used [0x00000000eab00000,0x00000000ebb00000,0x00000000ebb00000)
  from space 2560K, 99% used [0x00000000ebb00000,0x00000000ebd7e3f0,0x00000000ebd80000)
  to   space 2560K, 0% used [0x00000000ecd80000,0x00000000ecd80000,0x00000000ed000000)
 ParOldGen       total 44032K, used 812K [0x00000000c0000000, 0x00000000c2b00000, 0x00000000eab00000)
  object space 44032K, 1% used [0x00000000c0000000,0x00000000c00cb218,0x00000000c2b00000)
 Metaspace       used 5994K, capacity 6898K, committed 7040K, reserved 1056768K
  class space    used 598K, capacity 618K, committed 640K, reserved 1048576K
Event: 4.074 GC heap after
Heap after GC invocations=2 (full 0):
 PSYoungGen      total 35328K, used 2554K [0x00000000eab00000, 0x00000000ed000000, 0x0000000100000000)
  eden space 32768K, 0% used [0x00000000eab00000,0x00000000eab00000,0x00000000ecb00000)
  from space 2560K, 99% used [0x00000000ecd80000,0x00000000ecffeaa8,0x00000000ed000000)
  to   space 2560K, 0% used [0x00000000ecb00000,0x00000000ecb00000,0x00000000ecd80000)
 ParOldGen       total 44032K, used 2414K [0x00000000c0000000, 0x00000000c2b00000, 0x00000000eab00000)
  object space 44032K, 5% used [0x00000000c0000000,0x00000000c025b948,0x00000000c2b00000)
 Metaspace       used 5994K, capacity 6898K, committed 7040K, reserved 1056768K
  class space    used 598K, capacity 618K, committed 640K, reserved 1048576K
}
Event: 7.434 GC heap before
{Heap before GC invocations=3 (full 0):
 PSYoungGen      total 35328K, used 35322K [0x00000000eab00000, 0x00000000ed000000, 0x0000000100000000)
  eden space 32768K, 100% used [0x00000000eab00000,0x00000000ecb00000,0x00000000ecb00000)
  from space 2560K, 99% used [0x00000000ecd80000,0x00000000ecffeaa8,0x00000000ed000000)
  to   space 2560K, 0% used [0x00000000ecb00000,0x00000000ecb00000,0x00000000ecd80000)
 ParOldGen       total 44032K, used 2414K [0x00000000c0000000, 0x00000000c2b00000, 0x00000000eab00000)
  object space 44032K, 5% used [0x00000000c0000000,0x00000000c025b948,0x00000000c2b00000)
 Metaspace       used 6278K, capacity 7154K, committed 7296K, reserved 1056768K
  class space    used 604K, capacity 618K, committed 640K, reserved 1048576K
Event: 7.677 GC heap after
Heap after GC invocations=3 (full 0):
 PSYoungGen      total 35328K, used 2528K [0x00000000eab00000, 0x00000000ef000000, 0x0000000100000000)
  eden space 32768K, 0% used [0x00000000eab00000,0x00000000eab00000,0x00000000ecb00000)
  from space 2560K, 98% used [0x00000000ecb00000,0x00000000ecd78018,0x00000000ecd80000)
  to   space 2560K, 0% used [0x00000000eed80000,0x00000000eed80000,0x00000000ef000000)
 ParOldGen       total 44032K, used 7530K [0x00000000c0000000, 0x00000000c2b00000, 0x00000000eab00000)
  object space 44032K, 17% used [0x00000000c0000000,0x00000000c075a900,0x00000000c2b00000)
 Metaspace       used 6278K, capacity 7154K, committed 7296K, reserved 1056768K
  class space    used 604K, capacity 618K, committed 640K, reserved 1048576K
}
Event: 9.409 GC heap before
{Heap before GC invocations=4 (full 0):
 PSYoungGen      total 35328K, used 35296K [0x00000000eab00000, 0x00000000ef000000, 0x0000000100000000)
  eden space 32768K, 100% used [0x00000000eab00000,0x00000000ecb00000,0x00000000ecb00000)
  from space 2560K, 98% used [0x00000000ecb00000,0x00000000ecd78018,0x00000000ecd80000)
  to   space 2560K, 0% used [0x00000000eed80000,0x00000000eed80000,0x00000000ef000000)
 ParOldGen       total 44032K, used 7530K [0x00000000c0000000, 0x00000000c2b00000, 0x00000000eab00000)
  object space 44032K, 17% used [0x00000000c0000000,0x00000000c075a900,0x00000000c2b00000)
 Metaspace       used 6331K, capacity 7154K, committed 7296K, reserved 1056768K
  class space    used 605K, capacity 618K, committed 640K, reserved 1048576K
Event: 9.824 GC heap after
Heap after GC invocations=4 (full 0):
 PSYoungGen      total 68096K, used 2528K [0x00000000eab00000, 0x00000000ef000000, 0x0000000100000000)
  eden space 65536K, 0% used [0x00000000eab00000,0x00000000eab00000,0x00000000eeb00000)
  from space 2560K, 98% used [0x00000000eed80000,0x00000000eeff8018,0x00000000ef000000)
  to   space 2560K, 0% used [0x00000000eeb00000,0x00000000eeb00000,0x00000000eed80000)
 ParOldGen       total 44032K, used 12737K [0x00000000c0000000, 0x00000000c2b00000, 0x00000000eab00000)
  object space 44032K, 28% used [0x00000000c0000000,0x00000000c0c707d0,0x00000000c2b00000)
 Metaspace       used 6331K, capacity 7154K, committed 7296K, reserved 1056768K
  class space    used 605K, capacity 618K, committed 640K, reserved 1048576K
}

Deoptimization events (10 events):
Event: 15.077 Thread 0x0000000001d80800 Uncommon trap: reason=class_check action=maybe_recompile pc=0x00000000021c8e5c method=java.util.Arrays.equals([Ljava/lang/Object;[Ljava/lang/Object;)Z @ 62
Event: 15.077 Thread 0x0000000001d80800 Uncommon trap: reason=speculate_class_check action=maybe_recompile pc=0x00000000021c7a64 method=com.android.dx.util.FixedSizeList.equals(Ljava/lang/Object;)Z @ 25
Event: 15.077 Thread 0x0000000001d80800 Uncommon trap: reason=class_check action=maybe_recompile pc=0x00000000021c8e5c method=java.util.Arrays.equals([Ljava/lang/Object;[Ljava/lang/Object;)Z @ 62
Event: 15.077 Thread 0x0000000001d80800 Uncommon trap: reason=speculate_class_check action=maybe_recompile pc=0x00000000021c7a64 method=com.android.dx.util.FixedSizeList.equals(Ljava/lang/Object;)Z @ 25
Event: 15.077 Thread 0x0000000001d80800 Uncommon trap: reason=class_check action=maybe_recompile pc=0x00000000021c8e5c method=java.util.Arrays.equals([Ljava/lang/Object;[Ljava/lang/Object;)Z @ 62
Event: 15.077 Thread 0x0000000001d80800 Uncommon trap: reason=speculate_class_check action=maybe_recompile pc=0x00000000021c7a64 method=com.android.dx.util.FixedSizeList.equals(Ljava/lang/Object;)Z @ 25
Event: 15.077 Thread 0x0000000001d80800 Uncommon trap: reason=class_check action=maybe_recompile pc=0x00000000021c8e5c method=java.util.Arrays.equals([Ljava/lang/Object;[Ljava/lang/Object;)Z @ 62
Event: 15.216 Thread 0x0000000001d80800 Uncommon trap: reason=unstable_if action=reinterpret pc=0x000000000268db80 method=com.android.dx.dex.code.OutputFinisher.findOpcodeForInsn(Lcom/android/dx/dex/code/DalvInsn;Lcom/android/dx/dex/code/Dop;)Lcom/android/dx/dex/code/Dop; @ 1
Event: 15.898 Thread 0x0000000001d80800 Uncommon trap: reason=unstable_if action=reinterpret pc=0x00000000025ff13c method=java.util.TreeMap.put(Ljava/lang/Object;Ljava/lang/Object;)Ljava/lang/Object; @ 163
Event: 20.661 Thread 0x0000000001d80800 Uncommon trap: reason=unstable_if action=reinterpret pc=0x0000000002716d44 method=com.android.dx.util.ByteArrayAnnotatedOutput.writeByte(I)V @ 13

Internal exceptions (2 events):
Event: 0.540 Thread 0x0000000001d80800 Exception <a 'java/lang/NoSuchMethodError': Method sun.misc.Unsafe.defineClass(Ljava/lang/String;[BII)Ljava/lang/Class; name or signature does not match> (0x00000000eab07cc0) thrown at [C:\re\workspace\8-2-build-windows-amd64-cygwin\jdk8u91\6644\hotspot\srJ%›Ká?
Event: 0.540 Thread 0x0000000001d80800 Exception <a 'java/lang/NoSuchMethodError': Method sun.misc.Unsafe.prefetchRead(Ljava/lang/Object;J)V name or signature does not match> (0x00000000eab07fa8) thrown at [C:\re\workspace\8-2-build-windows-amd64-cygwin\jdk8u91\6644\hotspot\src\share\vm\prims\j

Events (10 events):
Event: 19.499 loading class com/android/dex/EncodedValueCodec done
Event: 20.643 loading class com/android/dx/dex/file/MapItem
Event: 20.643 loading class com/android/dx/dex/file/MapItem done
Event: 20.660 loading class com/android/dex/DexFormat
Event: 20.660 loading class com/android/dex/DexFormat done
Event: 20.661 Thread 0x0000000001d80800 Uncommon trap: trap_request=0xffffff65 fr.pc=0x0000000002716d44
Event: 20.661 Thread 0x0000000001d80800 DEOPT PACKING pc=0x0000000002716d44 sp=0x0000000001d7f0b0
Event: 20.661 Thread 0x0000000001d80800 DEOPT UNPACKING pc=0x0000000001ec582a sp=0x0000000001d7f068 mode 2
Event: 20.677 Executing VM operation: CollectForMetadataAllocation
Event: 20.705 Executing VM operation: CollectForMetadataAllocation done


Dynamic libraries:
0x00007ff736fc0000 - 0x00007ff736ff7000 	D:\Program Files\Java\jdk1.8.0_91\bin\java.exe
0x00007ff9825f0000 - 0x00007ff98279d000 	C:\Windows\SYSTEM32\ntdll.dll
0x00007ff9809e0000 - 0x00007ff980b1e000 	C:\Windows\system32\KERNEL32.DLL
0x00007ff97f7e0000 - 0x00007ff97f8f5000 	C:\Windows\system32\KERNELBASE.dll
0x00007ff97e2e0000 - 0x00007ff97e36e000 	C:\Windows\system32\apphelp.dll
0x00007ff974880000 - 0x00007ff9748d3000 	C:\Windows\AppPatch\AppPatch64\AcGenral.DLL
0x00007ff982540000 - 0x00007ff9825ea000 	C:\Windows\system32\msvcrt.dll
0x00007ff97fc40000 - 0x00007ff97fc6e000 	C:\Windows\system32\SspiCli.dll
0x00007ff9802e0000 - 0x00007ff980334000 	C:\Windows\system32\SHLWAPI.dll
0x00007ff9823c0000 - 0x00007ff982537000 	C:\Windows\system32\USER32.dll
0x00007ff9804f0000 - 0x00007ff980684000 	C:\Windows\system32\ole32.dll
0x00007ff980be0000 - 0x00007ff982108000 	C:\Windows\system32\SHELL32.dll
0x00007ff97ed40000 - 0x00007ff97ed61000 	C:\Windows\SYSTEM32\USERENV.dll
0x00007ff980230000 - 0x00007ff9802da000 	C:\Windows\system32\ADVAPI32.dll
0x00007ff974c30000 - 0x00007ff974c4e000 	C:\Windows\SYSTEM32\MPR.dll
0x00007ff9807f0000 - 0x00007ff980930000 	C:\Windows\system32\RPCRT4.dll
0x00007ff97fc90000 - 0x00007ff97fce9000 	C:\Windows\SYSTEM32\sechost.dll
0x00007ff980010000 - 0x00007ff980221000 	C:\Windows\SYSTEM32\combase.dll
0x00007ff9803a0000 - 0x00007ff9804ef000 	C:\Windows\system32\GDI32.dll
0x00007ff97f710000 - 0x00007ff97f725000 	C:\Windows\SYSTEM32\profapi.dll
0x00007ff97db00000 - 0x00007ff97dbb2000 	C:\Windows\SYSTEM32\SHCORE.dll
0x00007ff9809a0000 - 0x00007ff9809d6000 	C:\Windows\system32\IMM32.DLL
0x00007ff980690000 - 0x00007ff9807e2000 	C:\Windows\system32\MSCTF.dll
0x00007ff97ce80000 - 0x00007ff97d0fb000 	C:\Windows\WinSxS\amd64_microsoft.windows.common-controls_6595b64144ccf1df_6.0.9600.18006_none_623f33d3ecbe86e8\COMCTL32.dll
0x00000000638e0000 - 0x00000000639b2000 	D:\Program Files\Java\jdk1.8.0_91\jre\bin\msvcr100.dll
0x0000000064030000 - 0x00000000648c3000 	D:\Program Files\Java\jdk1.8.0_91\jre\bin\server\jvm.dll
0x00007ff9756c0000 - 0x00007ff9756c9000 	C:\Windows\SYSTEM32\WSOCK32.dll
0x00007ff978000000 - 0x00007ff978022000 	C:\Windows\SYSTEM32\WINMM.dll
0x00007ff977dc0000 - 0x00007ff977dca000 	C:\Windows\SYSTEM32\VERSION.dll
0x00007ff97ffa0000 - 0x00007ff97ffa7000 	C:\Windows\system32\PSAPI.DLL
0x00007ff980340000 - 0x00007ff98039a000 	C:\Windows\system32\WS2_32.dll
0x00007ff976a50000 - 0x00007ff976a7a000 	C:\Windows\SYSTEM32\WINMMBASE.dll
0x00007ff97ff90000 - 0x00007ff97ff99000 	C:\Windows\system32\NSI.dll
0x00007ff97fb90000 - 0x00007ff97fbdf000 	C:\Windows\SYSTEM32\cfgmgr32.dll
0x00007ff97e550000 - 0x00007ff97e578000 	C:\Windows\SYSTEM32\DEVOBJ.dll
0x0000000064020000 - 0x000000006402f000 	D:\Program Files\Java\jdk1.8.0_91\jre\bin\verify.dll
0x0000000063ff0000 - 0x0000000064019000 	D:\Program Files\Java\jdk1.8.0_91\jre\bin\java.dll
0x0000000063fd0000 - 0x0000000063fe6000 	D:\Program Files\Java\jdk1.8.0_91\jre\bin\zip.dll

VM Arguments:
jvm_args: -Djava.awt.headless=true -Xmx1024M -Dfile.encoding=windows-1252 -Duser.country=FR -Duser.language=fr -Duser.variant 
java_command: com.android.dx.command.Main --dex --num-threads=4 --output D:\App_Rss_Feed_Agregator\app\build\intermediates\pre-dexed\debug\internal_impl-23.2.1_36b458e01afbfdfcba3d3c121f2cd1c43b7277ae.jar D:\App_Rss_Feed_Agregator\app\build\intermediates\exploded-aar\com.android.support\support-v4\23.2.1\jars\libs\internal_impl-23.2.1.jar
java_class_path (initial): C:\Users\Thomas\AppData\Local\Android\sdk\build-tools\23.0.3\lib\dx.jar
Launcher Type: SUN_STANDARD

Environment Variables:
PATH=C:\ProgramData\Oracle\Java\javapath;C:\Windows\system32;C:\Windows;C:\Windows\System32\Wbem;C:\Windows\System32\WindowsPowerShell\v1.0\;C:\Program Files (x86)\Skype\Phone\
USERNAME=Thomas
OS=Windows_NT
PROCESSOR_IDENTIFIER=Intel64 Family 6 Model 69 Stepping 1, GenuineIntel



---------------  S Y S T E M  ---------------

OS: Windows 8.1 , 64 bit Build 9600 (6.3.9600.17415)

CPU:total 4 (2 cores per cpu, 2 threads per core) family 6 model 69 stepping 1, cmov, cx8, fxsr, mmx, sse, sse2, sse3, ssse3, sse4.1, sse4.2, popcnt, avx, avx2, aes, clmul, erms, lzcnt, ht, tsc, tscinvbit, bmi1, bmi2

Memory: 4k page, physical 4100104k(280116k free), swap 7245832k(4976k free)

vm_info: Java HotSpot(TM) 64-Bit Server VM (25.91-b14) for windows-amd64 JRE (1.8.0_91-b14), built on Apr  1 2016 00:58:32 by "java_re" with MS VC++ 10.0 (VS2010)

time: Fri Jan 20 20:07:32 2017
elapsed time: 20 seconds (0d 0h 0m 20s)

